<?xml version="1.0" encoding="UTF-8"?>
<testsuite xmlns:xsi="http://www.w3.org/2001/XMLSchema-instance" xsi:noNamespaceSchemaLocation="https://maven.apache.org/surefire/maven-surefire-plugin/xsd/surefire-test-report-3.0.xsd" version="3.0" name="com.thecat.user.endpoint.UserResourceTest" time="11.224" tests="1" errors="0" skipped="0" failures="0">
  <properties>
[...]
</properties>
  <testcase name="testHelloEndpoint" classname="com.thecat.user.endpoint.UserResourceTest" time="1.477">
    <system-out><![CDATA[2021-07-21 14:28:56,306 INFO  [org.tes.doc.DockerClientProviderStrategy] (build-8) Loaded org.testcontainers.dockerclient.UnixSocketClientProviderStrategy from ~/.testcontainers.properties, will try it first
2021-07-21 14:28:56,767 INFO  [org.tes.doc.DockerClientProviderStrategy] (build-8) Found Docker environment with local Unix socket (unix:///var/run/docker.sock)
2021-07-21 14:28:56,768 INFO  [org.tes.DockerClientFactory] (build-8) Docker host IP address is localhost
2021-07-21 14:28:56,804 INFO  [org.tes.DockerClientFactory] (build-8) Connected to docker: 
  Server Version: 20.10.7
  API Version: 1.41
  Operating System: Docker Desktop
  Total Memory: 5945 MB
2021-07-21 14:28:56,806 INFO  [org.tes.uti.ImageNameSubstitutor] (build-8) Image name substitution will be performed by: DefaultImageNameSubstitutor (composite of 'ConfigurationFileImageNameSubstitutor' and 'PrefixingImageNameSubstitutor')
2021-07-21 14:28:56,957 INFO  [org.tes.uti.RegistryAuthLocator] (build-8) Credential helper/store (docker-credential-desktop) does not have credentials for index.docker.io
2021-07-21 14:28:58,468 INFO  [org.tes.DockerClientFactory] (build-8) Ryuk started - will monitor and terminate Testcontainers containers on JVM exit
2021-07-21 14:28:58,468 INFO  [org.tes.DockerClientFactory] (build-8) Checking the system...
2021-07-21 14:28:58,469 INFO  [org.tes.DockerClientFactory] (build-8) ✔︎ Docker server version should be at least 1.6.0
2021-07-21 14:28:58,602 INFO  [org.tes.DockerClientFactory] (build-8) ✔︎ Docker environment should have more than 2GB free disk space
2021-07-21 14:28:58,618 INFO  [🐳 .0.10]] (build-8) Creating container for image: mongo:4.0.10
2021-07-21 14:28:58,694 INFO  [🐳 .0.10]] (build-8) Starting container with ID: fcf3f2f3e600ecf90788f715da4a8fe1e9843396279123bc08738366231b692b
2021-07-21 14:29:00,043 INFO  [🐳 .0.10]] (build-8) Container mongo:4.0.10 is starting: fcf3f2f3e600ecf90788f715da4a8fe1e9843396279123bc08738366231b692b
2021-07-21 14:29:00,782 INFO  [🐳 .0.10]] (build-8) Container mongo:4.0.10 started in PT2.178879S
2021-07-21 14:29:04,025 INFO  [org.mon.dri.cluster] (main) Cluster created with settings {hosts=[localhost:55036], mode=SINGLE, requiredClusterType=UNKNOWN, serverSelectionTimeout='30000 ms'}
2021-07-21 14:29:04,055 INFO  [org.mon.dri.cluster] (main) Cluster created with settings {hosts=[localhost:55036], mode=SINGLE, requiredClusterType=UNKNOWN, serverSelectionTimeout='30000 ms'}
2021-07-21 14:29:04,091 INFO  [org.mon.dri.connection] (cluster-ClusterId{value='60f8677056363b29b24a8cff', description='null'}-localhost:55036) Opened connection [connectionId{localValue:1, serverValue:3}] to localhost:55036
2021-07-21 14:29:04,092 INFO  [org.mon.dri.connection] (cluster-rtt-ClusterId{value='60f8677056363b29b24a8cff', description='null'}-localhost:55036) Opened connection [connectionId{localValue:2, serverValue:4}] to localhost:55036
2021-07-21 14:29:04,099 INFO  [org.mon.dri.cluster] (cluster-ClusterId{value='60f8677056363b29b24a8cff', description='null'}-localhost:55036) Monitor thread successfully connected to server with description ServerDescription{address=localhost:55036, type=REPLICA_SET_PRIMARY, state=CONNECTED, ok=true, minWireVersion=0, maxWireVersion=7, maxDocumentSize=16777216, logicalSessionTimeoutMinutes=30, roundTripTimeNanos=26785689, setName='docker-rs', canonicalAddress=fcf3f2f3e600:27017, hosts=[fcf3f2f3e600:27017], passives=[], arbiters=[], primary='fcf3f2f3e600:27017', tagSet=TagSet{[]}, electionId=7fffffff0000000000000001, setVersion=1, topologyVersion=null, lastWriteDate=Wed Jul 21 14:29:03 EDT 2021, lastUpdateTimeNanos=860996158548412}
2021-07-21 14:29:04,101 INFO  [org.mon.dri.connection] (cluster-ClusterId{value='60f8677056363b29b24a8d00', description='null'}-localhost:55036) Opened connection [connectionId{localValue:3, serverValue:6}] to localhost:55036
2021-07-21 14:29:04,101 INFO  [org.mon.dri.connection] (cluster-rtt-ClusterId{value='60f8677056363b29b24a8d00', description='null'}-localhost:55036) Opened connection [connectionId{localValue:4, serverValue:5}] to localhost:55036
2021-07-21 14:29:04,101 INFO  [org.mon.dri.cluster] (cluster-ClusterId{value='60f8677056363b29b24a8d00', description='null'}-localhost:55036) Monitor thread successfully connected to server with description ServerDescription{address=localhost:55036, type=REPLICA_SET_PRIMARY, state=CONNECTED, ok=true, minWireVersion=0, maxWireVersion=7, maxDocumentSize=16777216, logicalSessionTimeoutMinutes=30, roundTripTimeNanos=8230799, setName='docker-rs', canonicalAddress=fcf3f2f3e600:27017, hosts=[fcf3f2f3e600:27017], passives=[], arbiters=[], primary='fcf3f2f3e600:27017', tagSet=TagSet{[]}, electionId=7fffffff0000000000000001, setVersion=1, topologyVersion=null, lastWriteDate=Wed Jul 21 14:29:03 EDT 2021, lastUpdateTimeNanos=860996169501145}
2021-07-21 14:29:04,286 INFO  [io.quarkus] (main) Quarkus 2.0.2.Final on JVM started in 9.318s. Listening on: http://localhost:8081
2021-07-21 14:29:04,286 INFO  [io.quarkus] (main) Profile test activated. 
2021-07-21 14:29:04,286 INFO  [io.quarkus] (main) Installed features: [cdi, mongodb-client, mongodb-panache, narayana-jta, resteasy, resteasy-jackson, smallrye-context-propagation]
]]></system-out>
  </testcase>
</testsuite>